d:\vs\vs_project\qtguidemo-master\qtguidemo\x64\debug\moc_qtguidemo.obj
d:\vs\vs_project\qtguidemo-master\qtguidemo\x64\debug\qrc_qtguidemo.obj
d:\vs\vs_project\qtguidemo-master\qtguidemo\x64\debug\vc141.pdb
d:\vs\vs_project\qtguidemo-master\qtguidemo\x64\debug\main.obj
d:\vs\vs_project\qtguidemo-master\qtguidemo\x64\debug\qtguidemo.obj
d:\vs\vs_project\qtguidemo-master\x64\debug\qtguidemo.exe
d:\vs\vs_project\qtguidemo-master\x64\debug\qtguidemo.ilk
d:\vs\vs_project\qtguidemo-master\x64\debug\qtguidemo.pdb
d:\vs\vs_project\qtguidemo-master\qtguidemo\.\generatedfiles\debug\moc_qtguidemo.cpp
d:\vs\vs_project\qtguidemo-master\qtguidemo\generatedfiles\ui_qtguidemo.h
d:\vs\vs_project\qtguidemo-master\qtguidemo\generatedfiles\qrc_qtguidemo.cpp
d:\vs\vs_project\qtguidemo-master\qtguidemo\generatedfiles\debug\moc_qtguidemo.cpp
d:\vs\vs_project\qtguidemo-master\qtguidemo\.\generatedfiles\qrc_qtguidemo.cpp
d:\vs\vs_project\qtguidemo-master\qtguidemo\.\generatedfiles\ui_qtguidemo.h
d:\vs\vs_project\qtguidemo-master\qtguidemo\x64\debug\qtguidemo.tlog\cl.command.1.tlog
d:\vs\vs_project\qtguidemo-master\qtguidemo\x64\debug\qtguidemo.tlog\cl.read.1.tlog
d:\vs\vs_project\qtguidemo-master\qtguidemo\x64\debug\qtguidemo.tlog\cl.write.1.tlog
d:\vs\vs_project\qtguidemo-master\qtguidemo\x64\debug\qtguidemo.tlog\link.command.1.tlog
d:\vs\vs_project\qtguidemo-master\qtguidemo\x64\debug\qtguidemo.tlog\link.read.1.tlog
d:\vs\vs_project\qtguidemo-master\qtguidemo\x64\debug\qtguidemo.tlog\link.write.1.tlog
d:\vs\vs_project\qtguidemo-master\qtguidemo\x64\debug\qtguidemo.tlog\moc.read.1u.tlog
d:\vs\vs_project\qtguidemo-master\qtguidemo\x64\debug\qtguidemo.tlog\moc.write.1u.tlog
d:\vs\vs_project\qtguidemo-master\qtguidemo\x64\debug\qtguidemo.tlog\qtguidemo.write.1u.tlog
d:\vs\vs_project\qtguidemo-master\qtguidemo\x64\debug\qtguidemo.tlog\rcc.read.1u.tlog
d:\vs\vs_project\qtguidemo-master\qtguidemo\x64\debug\qtguidemo.tlog\rcc.write.1u.tlog
d:\vs\vs_project\qtguidemo-master\qtguidemo\x64\debug\qtguidemo.tlog\uic.read.1u.tlog
d:\vs\vs_project\qtguidemo-master\qtguidemo\x64\debug\qtguidemo.tlog\uic.write.1u.tlog
